2025-08-23 22:56:05,373 - websocket_client - INFO - [websocket_client.py:116] - Registered callback for RFQ_MAKER
2025-08-23 22:56:05,373 - websocket_client - INFO - [websocket_client.py:116] - Registered callback for RFQ_QUOTE
2025-08-23 22:56:05,373 - websocket_client - INFO - [websocket_client.py:116] - Registered callback for BLOCK_TRADE_DETAIL
2025-08-23 22:56:05,373 - websocket_client - INFO - [websocket_client.py:405] - Starting WebSocket manager
2025-08-23 22:56:05,373 - websocket_client - INFO - [websocket_client.py:134] - Attempting connection (attempt 1)
2025-08-23 22:56:06,151 - websocket_client - INFO - [websocket_client.py:151] - WebSocket connection established
2025-08-23 22:56:06,152 - websocket_client - INFO - [websocket_client.py:197] - Subscribed to rfqQuote
2025-08-23 22:56:06,153 - websocket_client - INFO - [websocket_client.py:197] - Subscribed to rfqMaker
2025-08-23 22:56:06,153 - websocket_client - INFO - [websocket_client.py:197] - Subscribed to blockTradePublic
2025-08-23 22:56:06,153 - websocket_client - INFO - [websocket_client.py:197] - Subscribed to blockTradeDetail
2025-08-23 22:56:06,153 - websocket_client - INFO - [websocket_client.py:181] - Subscribed to 4 channels
2025-08-23 22:56:06,153 - websocket_client - INFO - [websocket_client.py:419] - WebSocket manager started successfully
2025-08-23 22:56:06,153 - __main__ - INFO - [market_maker.py:87] - WebSocket Stats: {'messages_received': 0, 'messages_sent': 4, 'errors': 0, 'reconnections': 0, 'uptime_start': 1755960966.1514807, 'state': 'subscribed', 'uptime_seconds': 0.0022614002227783203, 'active_subscriptions': ['rfqQuote', 'rfqMaker', 'blockTradePublic', 'blockTradeDetail'], 'last_message_ago': 0.7803351879119873, 'last_heartbeat_ago': 0.7803359031677246}
2025-08-23 22:57:06,161 - __main__ - INFO - [market_maker.py:95] - Uptime: 60s, Messages: 6, Errors: 0
2025-08-23 22:57:37,160 - websocket_client - INFO - [websocket_client.py:423] - Stopping WebSocket manager
2025-08-23 22:57:37,239 - websocket_client - INFO - [websocket_client.py:439] - WebSocket manager stopped
2025-08-23 22:57:38,019 - websocket_client - INFO - [websocket_client.py:120] - Registered callback for RFQ_MAKER
2025-08-23 22:57:38,019 - websocket_client - INFO - [websocket_client.py:120] - Registered callback for RFQ_QUOTE
2025-08-23 22:57:38,019 - websocket_client - INFO - [websocket_client.py:120] - Registered callback for BLOCK_TRADE_DETAIL
2025-08-23 22:57:38,020 - websocket_client - INFO - [websocket_client.py:409] - Starting WebSocket manager
2025-08-23 22:57:38,020 - websocket_client - INFO - [websocket_client.py:138] - Attempting connection (attempt 1)
2025-08-23 22:57:38,596 - websocket_client - INFO - [websocket_client.py:155] - WebSocket connection established
2025-08-23 22:57:38,597 - websocket_client - INFO - [websocket_client.py:201] - Subscribed to rfqQuote
2025-08-23 22:57:38,597 - websocket_client - INFO - [websocket_client.py:201] - Subscribed to blockTradePublic
2025-08-23 22:57:38,598 - websocket_client - INFO - [websocket_client.py:201] - Subscribed to blockTradeDetail
2025-08-23 22:57:38,598 - websocket_client - INFO - [websocket_client.py:201] - Subscribed to rfqMaker
2025-08-23 22:57:38,599 - websocket_client - INFO - [websocket_client.py:185] - Subscribed to 4 channels
2025-08-23 22:57:38,599 - websocket_client - INFO - [websocket_client.py:423] - WebSocket manager started successfully
2025-08-23 22:57:38,599 - __main__ - INFO - [market_maker.py:84] - WebSocket Stats: {'messages_received': 0, 'messages_sent': 4, 'errors': 0, 'reconnections': 0, 'uptime_start': 1755961058.5959861, 'state': 'subscribed', 'uptime_seconds': 0.003824949264526367, 'active_subscriptions': ['rfqQuote', 'blockTradePublic', 'blockTradeDetail', 'rfqMaker'], 'last_message_ago': 0.5805487632751465, 'last_heartbeat_ago': 0.5805490016937256}
2025-08-23 22:58:17,521 - __main__ - INFO - [market_maker.py:51] - Received RFQ 1959268967977717760 with state ACTIVE
2025-08-23 22:58:38,611 - __main__ - INFO - [market_maker.py:92] - Uptime: 60s, Messages: 7, Errors: 0
2025-08-23 22:59:38,617 - __main__ - INFO - [market_maker.py:92] - Uptime: 120s, Messages: 9, Errors: 0
2025-08-23 23:00:38,630 - __main__ - INFO - [market_maker.py:92] - Uptime: 180s, Messages: 11, Errors: 0
2025-08-23 23:00:46,786 - websocket_client - INFO - [websocket_client.py:427] - Stopping WebSocket manager
2025-08-23 23:00:46,859 - websocket_client - INFO - [websocket_client.py:443] - WebSocket manager stopped
2025-08-23 23:00:47,835 - websocket_client - INFO - [websocket_client.py:120] - Registered callback for RFQ_MAKER
2025-08-23 23:00:47,836 - websocket_client - INFO - [websocket_client.py:120] - Registered callback for RFQ_QUOTE
2025-08-23 23:00:47,836 - websocket_client - INFO - [websocket_client.py:120] - Registered callback for BLOCK_TRADE_DETAIL
2025-08-23 23:00:47,836 - websocket_client - INFO - [websocket_client.py:409] - Starting WebSocket manager
2025-08-23 23:00:47,836 - websocket_client - INFO - [websocket_client.py:138] - Attempting connection (attempt 1)
2025-08-23 23:00:48,246 - websocket_client - INFO - [websocket_client.py:155] - WebSocket connection established
2025-08-23 23:00:48,247 - websocket_client - INFO - [websocket_client.py:201] - Subscribed to rfqQuote
2025-08-23 23:00:48,248 - websocket_client - INFO - [websocket_client.py:201] - Subscribed to rfqMaker
2025-08-23 23:00:48,249 - websocket_client - INFO - [websocket_client.py:201] - Subscribed to blockTradePublic
2025-08-23 23:00:48,249 - websocket_client - INFO - [websocket_client.py:201] - Subscribed to blockTradeDetail
2025-08-23 23:00:48,250 - websocket_client - INFO - [websocket_client.py:185] - Subscribed to 4 channels
2025-08-23 23:00:48,250 - websocket_client - INFO - [websocket_client.py:423] - WebSocket manager started successfully
2025-08-23 23:00:48,251 - __main__ - INFO - [market_maker.py:84] - WebSocket Stats: {'messages_received': 0, 'messages_sent': 4, 'errors': 0, 'reconnections': 0, 'uptime_start': 1755961248.2463357, 'state': 'subscribed', 'uptime_seconds': 0.004806995391845703, 'active_subscriptions': ['rfqQuote', 'blockTradeDetail', 'rfqMaker', 'blockTradePublic'], 'last_message_ago': 0.4152543544769287, 'last_heartbeat_ago': 0.4152548313140869}
2025-08-23 23:00:48,326 - websocket_client - INFO - [websocket_client.py:304] - Raw message: {"action":"SUBSCRIBE","dataType":"rfqQuote","result":"success"}
2025-08-23 23:00:48,326 - websocket_client - INFO - [websocket_client.py:312] - Received ERROR: unknown code
2025-08-23 23:00:48,329 - websocket_client - INFO - [websocket_client.py:304] - Raw message: {"action":"SUBSCRIBE","dataType":"blockTradePublic","result":"success"}
2025-08-23 23:00:48,330 - websocket_client - INFO - [websocket_client.py:312] - Received ERROR: unknown code
2025-08-23 23:00:48,330 - websocket_client - INFO - [websocket_client.py:304] - Raw message: {"action":"SUBSCRIBE","dataType":"blockTradeDetail","result":"success"}
2025-08-23 23:00:48,330 - websocket_client - INFO - [websocket_client.py:312] - Received ERROR: unknown code
2025-08-23 23:00:48,330 - websocket_client - INFO - [websocket_client.py:304] - Raw message: {"action":"SUBSCRIBE","dataType":"rfqMaker","result":"success"}
2025-08-23 23:00:48,330 - websocket_client - INFO - [websocket_client.py:312] - Received ERROR: unknown code
2025-08-23 23:00:48,331 - websocket_client - INFO - [websocket_client.py:304] - Raw message: {"c":11,"rc":1}
2025-08-23 23:00:48,331 - websocket_client - INFO - [websocket_client.py:312] - Received ERROR: 11
2025-08-23 23:01:18,336 - websocket_client - INFO - [websocket_client.py:304] - Raw message: {"c":11,"rc":1}
2025-08-23 23:01:18,336 - websocket_client - INFO - [websocket_client.py:312] - Received ERROR: 11
2025-08-23 23:01:48,258 - __main__ - INFO - [market_maker.py:92] - Uptime: 60s, Messages: 6, Errors: 0
2025-08-23 23:01:48,390 - websocket_client - INFO - [websocket_client.py:304] - Raw message: {"c":11,"rc":1}
2025-08-23 23:01:48,391 - websocket_client - INFO - [websocket_client.py:312] - Received ERROR: 11
2025-08-23 23:02:18,390 - websocket_client - INFO - [websocket_client.py:304] - Raw message: {"c":11,"rc":1}
2025-08-23 23:02:18,391 - websocket_client - INFO - [websocket_client.py:312] - Received ERROR: 11
2025-08-23 23:02:48,268 - __main__ - INFO - [market_maker.py:92] - Uptime: 120s, Messages: 8, Errors: 0
2025-08-23 23:02:48,362 - websocket_client - INFO - [websocket_client.py:304] - Raw message: {"c":11,"rc":1}
2025-08-23 23:02:48,362 - websocket_client - INFO - [websocket_client.py:312] - Received ERROR: 11
2025-08-23 23:03:18,388 - websocket_client - INFO - [websocket_client.py:304] - Raw message: {"c":11,"rc":1}
2025-08-23 23:03:18,389 - websocket_client - INFO - [websocket_client.py:312] - Received ERROR: 11
2025-08-23 23:03:48,272 - __main__ - INFO - [market_maker.py:92] - Uptime: 180s, Messages: 10, Errors: 0
2025-08-23 23:03:48,366 - websocket_client - INFO - [websocket_client.py:304] - Raw message: {"c":11,"rc":1}
2025-08-23 23:03:48,366 - websocket_client - INFO - [websocket_client.py:312] - Received ERROR: 11
2025-08-23 23:04:18,369 - websocket_client - INFO - [websocket_client.py:304] - Raw message: {"c":11,"rc":1}
2025-08-23 23:04:18,370 - websocket_client - INFO - [websocket_client.py:312] - Received ERROR: 11
2025-08-23 23:04:48,276 - __main__ - INFO - [market_maker.py:92] - Uptime: 240s, Messages: 12, Errors: 0
2025-08-23 23:04:48,378 - websocket_client - INFO - [websocket_client.py:304] - Raw message: {"c":11,"rc":1}
2025-08-23 23:04:48,379 - websocket_client - INFO - [websocket_client.py:312] - Received ERROR: 11
2025-08-23 23:05:18,388 - websocket_client - INFO - [websocket_client.py:304] - Raw message: {"c":11,"rc":1}
2025-08-23 23:05:18,389 - websocket_client - INFO - [websocket_client.py:312] - Received ERROR: 11
2025-08-23 23:05:48,289 - __main__ - INFO - [market_maker.py:92] - Uptime: 300s, Messages: 14, Errors: 0
2025-08-23 23:05:48,391 - websocket_client - INFO - [websocket_client.py:304] - Raw message: {"c":11,"rc":1}
2025-08-23 23:05:48,392 - websocket_client - INFO - [websocket_client.py:312] - Received ERROR: 11
2025-08-23 23:06:01,982 - websocket_client - INFO - [websocket_client.py:304] - Raw message: {"dt":28,"c":20,"d":{"createTime":1755961562587,"expiryTime":1755965162587,"legs":[{"instrumentName":"BTCUSD-29AUG25-116000-C","price":"1211.31120000","quantity":"0.1","tradeSide":"BUY"},{"instrumentName":"BTCUSD-29AUG25-111000-C","price":"4375.80670237","quantity":"0.1","tradeSide":"BUY"}],"requestId":"1959270916169011200","state":"ACTIVE","updateTime":1755961562624},"ts":1755961562627}
2025-08-23 23:06:01,982 - websocket_client - INFO - [websocket_client.py:312] - Received RFQ_MAKER: 20
2025-08-23 23:06:01,983 - __main__ - INFO - [market_maker.py:51] - Received RFQ 1959270916169011200 with state ACTIVE
2025-08-23 23:06:18,404 - websocket_client - INFO - [websocket_client.py:304] - Raw message: {"c":11,"rc":1}
2025-08-23 23:06:18,404 - websocket_client - INFO - [websocket_client.py:312] - Received ERROR: 11
2025-08-23 23:06:48,304 - __main__ - INFO - [market_maker.py:92] - Uptime: 360s, Messages: 17, Errors: 0
2025-08-23 23:06:48,405 - websocket_client - INFO - [websocket_client.py:304] - Raw message: {"c":11,"rc":1}
2025-08-23 23:06:48,406 - websocket_client - INFO - [websocket_client.py:312] - Received ERROR: 11
2025-08-23 23:06:58,060 - websocket_client - INFO - [websocket_client.py:304] - Raw message: {"dt":28,"c":20,"d":{"createTime":1755961562587,"expiryTime":1755965162587,"legs":[{"instrumentName":"BTCUSD-29AUG25-116000-C","price":"1211.3112","quantity":"0.1","tradeSide":"BUY"},{"instrumentName":"BTCUSD-29AUG25-111000-C","price":"4375.80670237","quantity":"0.1","tradeSide":"BUY"}],"requestId":"1959270916169011200","state":"CANCELLED","updateTime":1755961618704},"ts":1755961618707}
2025-08-23 23:06:58,060 - websocket_client - INFO - [websocket_client.py:312] - Received RFQ_MAKER: 20
2025-08-23 23:06:58,061 - __main__ - INFO - [market_maker.py:51] - Received RFQ 1959270916169011200 with state CANCELLED
2025-08-23 23:07:18,410 - websocket_client - INFO - [websocket_client.py:304] - Raw message: {"c":11,"rc":1}
2025-08-23 23:07:18,411 - websocket_client - INFO - [websocket_client.py:312] - Received ERROR: 11
2025-08-23 23:07:48,314 - __main__ - INFO - [market_maker.py:92] - Uptime: 420s, Messages: 20, Errors: 0
2025-08-23 23:07:48,415 - websocket_client - INFO - [websocket_client.py:304] - Raw message: {"c":11,"rc":1}
2025-08-23 23:07:48,415 - websocket_client - INFO - [websocket_client.py:312] - Received ERROR: 11
2025-08-23 23:08:18,428 - websocket_client - INFO - [websocket_client.py:304] - Raw message: {"c":11,"rc":1}
2025-08-23 23:08:18,429 - websocket_client - INFO - [websocket_client.py:312] - Received ERROR: 11
2025-08-23 23:08:48,321 - __main__ - INFO - [market_maker.py:92] - Uptime: 480s, Messages: 22, Errors: 0
2025-08-23 23:08:48,438 - websocket_client - INFO - [websocket_client.py:304] - Raw message: {"c":11,"rc":1}
2025-08-23 23:08:48,439 - websocket_client - INFO - [websocket_client.py:312] - Received ERROR: 11
2025-08-23 23:09:18,465 - websocket_client - INFO - [websocket_client.py:304] - Raw message: {"c":11,"rc":1}
2025-08-23 23:09:18,466 - websocket_client - INFO - [websocket_client.py:312] - Received ERROR: 11
2025-08-23 23:09:48,339 - __main__ - INFO - [market_maker.py:92] - Uptime: 540s, Messages: 24, Errors: 0
2025-08-23 23:09:48,465 - websocket_client - INFO - [websocket_client.py:304] - Raw message: {"c":11,"rc":1}
2025-08-23 23:09:48,466 - websocket_client - INFO - [websocket_client.py:312] - Received ERROR: 11
2025-08-23 23:10:18,470 - websocket_client - INFO - [websocket_client.py:304] - Raw message: {"c":11,"rc":1}
2025-08-23 23:10:18,471 - websocket_client - INFO - [websocket_client.py:312] - Received ERROR: 11
2025-08-23 23:10:48,349 - __main__ - INFO - [market_maker.py:92] - Uptime: 600s, Messages: 26, Errors: 0
2025-08-23 23:10:48,466 - websocket_client - INFO - [websocket_client.py:304] - Raw message: {"c":11,"rc":1}
2025-08-23 23:10:48,467 - websocket_client - INFO - [websocket_client.py:312] - Received ERROR: 11
2025-08-23 23:10:58,558 - websocket_client - INFO - [websocket_client.py:427] - Stopping WebSocket manager
2025-08-23 23:10:58,660 - websocket_client - INFO - [websocket_client.py:443] - WebSocket manager stopped
2025-08-23 23:10:59,661 - websocket_client - INFO - [websocket_client.py:120] - Registered callback for RFQ_MAKER
2025-08-23 23:10:59,661 - websocket_client - INFO - [websocket_client.py:120] - Registered callback for RFQ_QUOTE
2025-08-23 23:10:59,661 - websocket_client - INFO - [websocket_client.py:120] - Registered callback for BLOCK_TRADE_DETAIL
2025-08-23 23:10:59,661 - websocket_client - INFO - [websocket_client.py:409] - Starting WebSocket manager
2025-08-23 23:10:59,661 - websocket_client - INFO - [websocket_client.py:138] - Attempting connection (attempt 1)
2025-08-23 23:11:00,016 - websocket_client - INFO - [websocket_client.py:155] - WebSocket connection established
2025-08-23 23:11:00,016 - websocket_client - INFO - [websocket_client.py:201] - Subscribed to rfqMaker
2025-08-23 23:11:00,016 - websocket_client - INFO - [websocket_client.py:201] - Subscribed to blockTradePublic
2025-08-23 23:11:00,017 - websocket_client - INFO - [websocket_client.py:201] - Subscribed to rfqQuote
2025-08-23 23:11:00,017 - websocket_client - INFO - [websocket_client.py:201] - Subscribed to blockTradeDetail
2025-08-23 23:11:00,017 - websocket_client - INFO - [websocket_client.py:185] - Subscribed to 4 channels
2025-08-23 23:11:00,017 - websocket_client - INFO - [websocket_client.py:423] - WebSocket manager started successfully
2025-08-23 23:11:00,017 - __main__ - INFO - [market_maker.py:84] - WebSocket Stats: {'messages_received': 0, 'messages_sent': 4, 'errors': 0, 'reconnections': 0, 'uptime_start': 1755961860.0161808, 'state': 'subscribed', 'uptime_seconds': 0.0013654232025146484, 'active_subscriptions': ['rfqMaker', 'blockTradePublic', 'rfqQuote', 'blockTradeDetail'], 'last_message_ago': 0.35640382766723633, 'last_heartbeat_ago': 0.35640382766723633}
2025-08-23 23:12:00,022 - __main__ - INFO - [market_maker.py:92] - Uptime: 60s, Messages: 5, Errors: 0
2025-08-23 23:12:56,068 - websocket_client - INFO - [websocket_client.py:427] - Stopping WebSocket manager
2025-08-23 23:12:56,142 - websocket_client - INFO - [websocket_client.py:443] - WebSocket manager stopped
2025-08-23 23:13:00,157 - websocket_client - INFO - [websocket_client.py:120] - Registered callback for RFQ_MAKER
2025-08-23 23:13:00,157 - websocket_client - INFO - [websocket_client.py:120] - Registered callback for RFQ_QUOTE
2025-08-23 23:13:00,157 - websocket_client - INFO - [websocket_client.py:120] - Registered callback for BLOCK_TRADE_DETAIL
2025-08-23 23:13:00,157 - websocket_client - INFO - [websocket_client.py:409] - Starting WebSocket manager
2025-08-23 23:13:00,157 - websocket_client - INFO - [websocket_client.py:138] - Attempting connection (attempt 1)
2025-08-23 23:13:00,854 - websocket_client - INFO - [websocket_client.py:155] - WebSocket connection established
2025-08-23 23:13:00,855 - websocket_client - INFO - [websocket_client.py:201] - Subscribed to rfqMaker
2025-08-23 23:13:00,855 - websocket_client - INFO - [websocket_client.py:201] - Subscribed to rfqQuote
2025-08-23 23:13:00,855 - websocket_client - INFO - [websocket_client.py:201] - Subscribed to blockTradePublic
2025-08-23 23:13:00,855 - websocket_client - INFO - [websocket_client.py:201] - Subscribed to blockTradeDetail
2025-08-23 23:13:00,855 - websocket_client - INFO - [websocket_client.py:185] - Subscribed to 4 channels
2025-08-23 23:13:00,856 - websocket_client - INFO - [websocket_client.py:423] - WebSocket manager started successfully
2025-08-23 23:13:00,856 - __main__ - INFO - [market_maker.py:84] - WebSocket Stats: {'messages_received': 0, 'messages_sent': 4, 'errors': 0, 'reconnections': 0, 'uptime_start': 1755961980.8547988, 'state': 'subscribed', 'uptime_seconds': 0.0014083385467529297, 'active_subscriptions': ['rfqMaker', 'rfqQuote', 'blockTradePublic', 'blockTradeDetail'], 'last_message_ago': 0.6991076469421387, 'last_heartbeat_ago': 0.6991071701049805}
2025-08-23 23:14:00,868 - __main__ - INFO - [market_maker.py:92] - Uptime: 60s, Messages: 5, Errors: 0
2025-08-23 23:15:00,884 - __main__ - INFO - [market_maker.py:92] - Uptime: 120s, Messages: 7, Errors: 0
2025-08-23 23:16:00,890 - __main__ - INFO - [market_maker.py:92] - Uptime: 180s, Messages: 9, Errors: 0
2025-08-23 23:16:13,379 - __main__ - INFO - [market_maker.py:74] - Trade executed: 1959273474360496129
2025-08-23 23:16:13,433 - __main__ - INFO - [market_maker.py:51] - Received RFQ 1959268967977717760 with state FILLED
2025-08-23 23:17:00,901 - __main__ - INFO - [market_maker.py:92] - Uptime: 240s, Messages: 14, Errors: 0
2025-08-23 23:18:00,909 - __main__ - INFO - [market_maker.py:92] - Uptime: 300s, Messages: 16, Errors: 0
2025-08-23 23:19:00,911 - __main__ - INFO - [market_maker.py:92] - Uptime: 360s, Messages: 18, Errors: 0
2025-08-23 23:19:52,992 - __main__ - INFO - [market_maker.py:51] - Received RFQ 1959274401803407360 with state ACTIVE
2025-08-23 23:20:00,927 - __main__ - INFO - [market_maker.py:92] - Uptime: 420s, Messages: 21, Errors: 0
2025-08-23 23:21:00,935 - __main__ - INFO - [market_maker.py:92] - Uptime: 480s, Messages: 23, Errors: 0
2025-08-23 23:22:06,559 - websocket_client - INFO - [websocket_client.py:120] - Registered callback for RFQ_MAKER
2025-08-23 23:22:06,559 - websocket_client - INFO - [websocket_client.py:120] - Registered callback for RFQ_QUOTE
2025-08-23 23:22:06,559 - websocket_client - INFO - [websocket_client.py:120] - Registered callback for BLOCK_TRADE_DETAIL
2025-08-23 23:22:06,559 - websocket_client - INFO - [websocket_client.py:409] - Starting WebSocket manager
2025-08-23 23:22:06,559 - websocket_client - INFO - [websocket_client.py:138] - Attempting connection (attempt 1)
2025-08-23 23:22:06,913 - websocket_client - INFO - [websocket_client.py:155] - WebSocket connection established
2025-08-23 23:22:06,914 - websocket_client - INFO - [websocket_client.py:201] - Subscribed to rfqMaker
2025-08-23 23:22:06,914 - websocket_client - INFO - [websocket_client.py:201] - Subscribed to blockTradeDetail
2025-08-23 23:22:06,914 - websocket_client - INFO - [websocket_client.py:201] - Subscribed to blockTradePublic
2025-08-23 23:22:06,914 - websocket_client - INFO - [websocket_client.py:201] - Subscribed to rfqQuote
2025-08-23 23:22:06,914 - websocket_client - INFO - [websocket_client.py:185] - Subscribed to 4 channels
2025-08-23 23:22:06,914 - websocket_client - INFO - [websocket_client.py:423] - WebSocket manager started successfully
2025-08-23 23:22:06,914 - __main__ - INFO - [market_maker.py:84] - WebSocket Stats: {'messages_received': 0, 'messages_sent': 4, 'errors': 0, 'reconnections': 0, 'uptime_start': 1755962526.913589, 'state': 'subscribed', 'uptime_seconds': 0.001186370849609375, 'active_subscriptions': ['rfqMaker', 'blockTradeDetail', 'blockTradePublic', 'rfqQuote'], 'last_message_ago': 0.3556063175201416, 'last_heartbeat_ago': 0.3556063175201416}
2025-08-23 23:22:26,428 - __main__ - INFO - [market_maker.py:64] - Quote 1959275045211230209 updated to OPEN
2025-08-23 23:22:26,429 - __main__ - INFO - [market_maker.py:64] - Quote 1959275045211230209 updated to OPEN
2025-08-23 23:22:43,140 - __main__ - INFO - [market_maker.py:74] - Trade executed: 1959275109446995969
2025-08-23 23:22:43,185 - __main__ - INFO - [market_maker.py:51] - Received RFQ 1959274401803407360 with state FILLED
2025-08-23 23:22:43,186 - __main__ - INFO - [market_maker.py:64] - Quote 1959275045211230209 updated to FILLED
2025-08-23 23:22:43,187 - __main__ - INFO - [market_maker.py:64] - Quote 1959275045211230209 updated to FILLED
2025-08-23 23:23:06,929 - __main__ - INFO - [market_maker.py:92] - Uptime: 60s, Messages: 13, Errors: 0
2025-08-23 23:23:13,287 - websocket_client - INFO - [websocket_client.py:427] - Stopping WebSocket manager
2025-08-23 23:23:13,360 - websocket_client - INFO - [websocket_client.py:443] - WebSocket manager stopped
2025-08-23 23:23:58,661 - websocket_client - INFO - [websocket_client.py:120] - Registered callback for RFQ_MAKER
2025-08-23 23:23:58,661 - websocket_client - INFO - [websocket_client.py:120] - Registered callback for RFQ_QUOTE
2025-08-23 23:23:58,662 - websocket_client - INFO - [websocket_client.py:120] - Registered callback for BLOCK_TRADE_DETAIL
2025-08-23 23:23:58,662 - websocket_client - INFO - [websocket_client.py:409] - Starting WebSocket manager
2025-08-23 23:23:58,662 - websocket_client - INFO - [websocket_client.py:138] - Attempting connection (attempt 1)
2025-08-23 23:23:59,047 - websocket_client - INFO - [websocket_client.py:155] - WebSocket connection established
2025-08-23 23:23:59,048 - websocket_client - INFO - [websocket_client.py:201] - Subscribed to blockTradeDetail
2025-08-23 23:23:59,049 - websocket_client - INFO - [websocket_client.py:201] - Subscribed to rfqQuote
2025-08-23 23:23:59,049 - websocket_client - INFO - [websocket_client.py:201] - Subscribed to rfqMaker
2025-08-23 23:23:59,050 - websocket_client - INFO - [websocket_client.py:201] - Subscribed to blockTradePublic
2025-08-23 23:23:59,050 - websocket_client - INFO - [websocket_client.py:185] - Subscribed to 4 channels
2025-08-23 23:23:59,050 - websocket_client - INFO - [websocket_client.py:423] - WebSocket manager started successfully
2025-08-23 23:23:59,051 - __main__ - INFO - [market_maker.py:84] - WebSocket Stats: {'messages_received': 0, 'messages_sent': 4, 'errors': 0, 'reconnections': 0, 'uptime_start': 1755962639.0479057, 'state': 'subscribed', 'uptime_seconds': 0.003215312957763672, 'active_subscriptions': ['blockTradeDetail', 'rfqMaker', 'rfqQuote', 'blockTradePublic'], 'last_message_ago': 0.3894972801208496, 'last_heartbeat_ago': 0.3894972801208496}
2025-08-23 23:24:44,834 - websocket_client - INFO - [websocket_client.py:427] - Stopping WebSocket manager
2025-08-23 23:24:44,908 - websocket_client - INFO - [websocket_client.py:443] - WebSocket manager stopped
2025-08-23 23:24:45,863 - websocket_client - INFO - [websocket_client.py:120] - Registered callback for RFQ_MAKER
2025-08-23 23:24:45,863 - websocket_client - INFO - [websocket_client.py:120] - Registered callback for RFQ_QUOTE
2025-08-23 23:24:45,864 - websocket_client - INFO - [websocket_client.py:120] - Registered callback for BLOCK_TRADE_DETAIL
2025-08-23 23:24:45,864 - websocket_client - INFO - [websocket_client.py:409] - Starting WebSocket manager
2025-08-23 23:24:45,864 - websocket_client - INFO - [websocket_client.py:138] - Attempting connection (attempt 1)
2025-08-23 23:24:46,205 - websocket_client - INFO - [websocket_client.py:155] - WebSocket connection established
2025-08-23 23:24:46,206 - websocket_client - INFO - [websocket_client.py:201] - Subscribed to rfqQuote
2025-08-23 23:24:46,206 - websocket_client - INFO - [websocket_client.py:201] - Subscribed to rfqMaker
2025-08-23 23:24:46,206 - websocket_client - INFO - [websocket_client.py:201] - Subscribed to blockTradeDetail
2025-08-23 23:24:46,206 - websocket_client - INFO - [websocket_client.py:201] - Subscribed to blockTradePublic
2025-08-23 23:24:46,206 - websocket_client - INFO - [websocket_client.py:185] - Subscribed to 4 channels
2025-08-23 23:24:46,207 - websocket_client - INFO - [websocket_client.py:423] - WebSocket manager started successfully
2025-08-23 23:24:46,207 - __main__ - INFO - [market_maker.py:84] - WebSocket Stats: {'messages_received': 0, 'messages_sent': 4, 'errors': 0, 'reconnections': 0, 'uptime_start': 1755962686.2054045, 'state': 'subscribed', 'uptime_seconds': 0.0018503665924072266, 'active_subscriptions': ['rfqQuote', 'rfqMaker', 'blockTradeDetail', 'blockTradePublic'], 'last_message_ago': 0.34361910820007324, 'last_heartbeat_ago': 0.34361863136291504}
2025-08-23 23:24:56,307 - __main__ - INFO - [market_maker.py:51] - Received RFQ 1959275674103582720 with state ACTIVE
2025-08-23 23:25:07,610 - __main__ - INFO - [market_maker.py:64] - Quote 1959275721324646401 updated to OPEN
2025-08-23 23:25:07,610 - __main__ - INFO - [market_maker.py:64] - Quote 1959275721324646401 updated to OPEN
2025-08-23 23:25:16,229 - __main__ - INFO - [market_maker.py:74] - Trade executed: 1959275751402000386
2025-08-23 23:25:16,328 - __main__ - INFO - [market_maker.py:51] - Received RFQ 1959275516515192832 with state FILLED
2025-08-23 23:25:16,328 - __main__ - INFO - [market_maker.py:64] - Quote 1959275721324646401 updated to FILLED
2025-08-23 23:25:16,328 - __main__ - INFO - [market_maker.py:64] - Quote 1959275721324646401 updated to FILLED
2025-08-23 23:25:46,219 - __main__ - INFO - [market_maker.py:92] - Uptime: 60s, Messages: 14, Errors: 0
2025-08-23 23:26:46,221 - __main__ - INFO - [market_maker.py:92] - Uptime: 120s, Messages: 16, Errors: 0
2025-08-23 23:27:46,226 - __main__ - INFO - [market_maker.py:92] - Uptime: 180s, Messages: 18, Errors: 0
2025-08-23 23:28:46,228 - __main__ - INFO - [market_maker.py:92] - Uptime: 240s, Messages: 20, Errors: 0
2025-08-23 23:29:36,889 - websocket_client - INFO - [websocket_client.py:427] - Stopping WebSocket manager
2025-08-23 23:29:36,961 - websocket_client - INFO - [websocket_client.py:443] - WebSocket manager stopped
2025-08-23 23:29:38,674 - websocket_client - INFO - [websocket_client.py:120] - Registered callback for RFQ_MAKER
2025-08-23 23:29:38,674 - websocket_client - INFO - [websocket_client.py:120] - Registered callback for RFQ_QUOTE
2025-08-23 23:29:38,674 - websocket_client - INFO - [websocket_client.py:120] - Registered callback for BLOCK_TRADE_DETAIL
2025-08-23 23:29:38,674 - websocket_client - INFO - [websocket_client.py:420] - Starting WebSocket manager
2025-08-23 23:29:38,675 - websocket_client - INFO - [websocket_client.py:138] - Attempting connection (attempt 1)
2025-08-23 23:29:39,268 - websocket_client - INFO - [websocket_client.py:155] - WebSocket connection established
2025-08-23 23:29:39,269 - websocket_client - INFO - [websocket_client.py:201] - Subscribed to rfqQuote
2025-08-23 23:29:39,270 - websocket_client - INFO - [websocket_client.py:201] - Subscribed to rfqMaker
2025-08-23 23:29:39,270 - websocket_client - INFO - [websocket_client.py:201] - Subscribed to blockTradeDetail
2025-08-23 23:29:39,271 - websocket_client - INFO - [websocket_client.py:201] - Subscribed to blockTradePublic
2025-08-23 23:29:39,271 - websocket_client - INFO - [websocket_client.py:185] - Subscribed to 4 channels
2025-08-23 23:29:39,271 - websocket_client - INFO - [websocket_client.py:434] - WebSocket manager started successfully
2025-08-23 23:29:39,272 - __main__ - INFO - [market_maker.py:84] - WebSocket Stats: {'messages_received': 0, 'messages_sent': 4, 'errors': 0, 'reconnections': 0, 'uptime_start': 1755962979.2681284, 'state': 'subscribed', 'uptime_seconds': 0.003841400146484375, 'active_subscriptions': ['blockTradeDetail', 'rfqQuote', 'rfqMaker', 'blockTradePublic'], 'last_message_ago': 0.5975837707519531, 'last_heartbeat_ago': 0.5975840091705322}
2025-08-23 23:30:39,281 - __main__ - INFO - [market_maker.py:92] - Uptime: 60s, Messages: 6, Errors: 0
2025-08-23 23:31:38,373 - websocket_client - INFO - [websocket_client.py:438] - Stopping WebSocket manager
2025-08-23 23:31:38,446 - websocket_client - INFO - [websocket_client.py:454] - WebSocket manager stopped
2025-08-23 23:31:48,714 - websocket_client - INFO - [websocket_client.py:120] - Registered callback for RFQ_MAKER
2025-08-23 23:31:48,714 - websocket_client - INFO - [websocket_client.py:120] - Registered callback for RFQ_QUOTE
2025-08-23 23:31:48,715 - websocket_client - INFO - [websocket_client.py:120] - Registered callback for BLOCK_TRADE_DETAIL
2025-08-23 23:31:48,715 - websocket_client - INFO - [websocket_client.py:419] - Starting WebSocket manager
2025-08-23 23:31:48,715 - websocket_client - INFO - [websocket_client.py:138] - Attempting connection (attempt 1)
2025-08-23 23:31:49,221 - websocket_client - INFO - [websocket_client.py:155] - WebSocket connection established
2025-08-23 23:31:49,222 - websocket_client - INFO - [websocket_client.py:201] - Subscribed to rfqMaker
2025-08-23 23:31:49,222 - websocket_client - INFO - [websocket_client.py:201] - Subscribed to rfqQuote
2025-08-23 23:31:49,222 - websocket_client - INFO - [websocket_client.py:201] - Subscribed to blockTradeDetail
2025-08-23 23:31:49,222 - websocket_client - INFO - [websocket_client.py:201] - Subscribed to blockTradePublic
2025-08-23 23:31:49,222 - websocket_client - INFO - [websocket_client.py:185] - Subscribed to 4 channels
2025-08-23 23:31:49,222 - websocket_client - INFO - [websocket_client.py:433] - WebSocket manager started successfully
2025-08-23 23:31:49,223 - __main__ - INFO - [market_maker.py:84] - WebSocket Stats: {'messages_received': 0, 'messages_sent': 4, 'errors': 0, 'reconnections': 0, 'uptime_start': 1755963109.221696, 'state': 'subscribed', 'uptime_seconds': 0.0013248920440673828, 'active_subscriptions': ['rfqMaker', 'rfqQuote', 'blockTradeDetail', 'blockTradePublic'], 'last_message_ago': 0.5083825588226318, 'last_heartbeat_ago': 0.5083823204040527}
2025-08-23 23:32:49,235 - __main__ - INFO - [market_maker.py:92] - Uptime: 60s, Messages: 5, Errors: 0
2025-08-23 23:32:53,128 - websocket_client - INFO - [websocket_client.py:437] - Stopping WebSocket manager
2025-08-23 23:32:53,201 - websocket_client - INFO - [websocket_client.py:453] - WebSocket manager stopped
2025-08-23 23:32:54,218 - websocket_client - INFO - [websocket_client.py:120] - Registered callback for RFQ_MAKER
2025-08-23 23:32:54,219 - websocket_client - INFO - [websocket_client.py:120] - Registered callback for RFQ_QUOTE
2025-08-23 23:32:54,219 - websocket_client - INFO - [websocket_client.py:120] - Registered callback for BLOCK_TRADE_DETAIL
2025-08-23 23:32:54,219 - websocket_client - INFO - [websocket_client.py:420] - Starting WebSocket manager
2025-08-23 23:32:54,219 - websocket_client - INFO - [websocket_client.py:138] - Attempting connection (attempt 1)
2025-08-23 23:32:54,599 - websocket_client - INFO - [websocket_client.py:155] - WebSocket connection established
2025-08-23 23:32:54,600 - websocket_client - INFO - [websocket_client.py:201] - Subscribed to rfqQuote
2025-08-23 23:32:54,601 - websocket_client - INFO - [websocket_client.py:201] - Subscribed to rfqMaker
2025-08-23 23:32:54,601 - websocket_client - INFO - [websocket_client.py:201] - Subscribed to blockTradePublic
2025-08-23 23:32:54,602 - websocket_client - INFO - [websocket_client.py:201] - Subscribed to blockTradeDetail
2025-08-23 23:32:54,602 - websocket_client - INFO - [websocket_client.py:185] - Subscribed to 4 channels
2025-08-23 23:32:54,603 - websocket_client - INFO - [websocket_client.py:434] - WebSocket manager started successfully
2025-08-23 23:32:54,603 - __main__ - INFO - [market_maker.py:84] - WebSocket Stats: {'messages_received': 0, 'messages_sent': 4, 'errors': 0, 'reconnections': 0, 'uptime_start': 1755963174.5992773, 'state': 'subscribed', 'uptime_seconds': 0.00407719612121582, 'active_subscriptions': ['rfqQuote', 'rfqMaker', 'blockTradePublic', 'blockTradeDetail'], 'last_message_ago': 0.3844306468963623, 'last_heartbeat_ago': 0.3844306468963623}
2025-08-23 23:33:54,611 - __main__ - INFO - [market_maker.py:92] - Uptime: 60s, Messages: 6, Errors: 0
